2021-07-08_14-59-49 [http-nio-8200-exec-2] ERROR c.c.i.e.GlobalExceptionHandler - Error while extracting response for type [class com.cts.iptreatment.model.IPTreatmentPackage] and content type [application/json]; nested exception is org.springframework.http.converter.HttpMessageNotReadableException: JSON parse error: Cannot deserialize instance of `com.cts.iptreatment.model.IPTreatmentPackage` out of START_ARRAY token; nested exception is com.fasterxml.jackson.databind.exc.MismatchedInputException: Cannot deserialize instance of `com.cts.iptreatment.model.IPTreatmentPackage` out of START_ARRAY token
 at [Source: (PushbackInputStream); line: 1, column: 1]
2021-07-08_15-06-40 [http-nio-8200-exec-1] ERROR c.c.i.e.GlobalExceptionHandler - Error while extracting response for type [class com.cts.iptreatment.model.IPTreatmentPackage] and content type [application/json]; nested exception is org.springframework.http.converter.HttpMessageNotReadableException: JSON parse error: Cannot deserialize instance of `com.cts.iptreatment.model.IPTreatmentPackage` out of START_ARRAY token; nested exception is com.fasterxml.jackson.databind.exc.MismatchedInputException: Cannot deserialize instance of `com.cts.iptreatment.model.IPTreatmentPackage` out of START_ARRAY token
 at [Source: (PushbackInputStream); line: 1, column: 1]
2021-07-08_15-06-40 [http-nio-8200-exec-2] ERROR c.c.i.e.GlobalExceptionHandler - Error while extracting response for type [class com.cts.iptreatment.model.IPTreatmentPackage] and content type [application/json]; nested exception is org.springframework.http.converter.HttpMessageNotReadableException: JSON parse error: Cannot deserialize instance of `com.cts.iptreatment.model.IPTreatmentPackage` out of START_ARRAY token; nested exception is com.fasterxml.jackson.databind.exc.MismatchedInputException: Cannot deserialize instance of `com.cts.iptreatment.model.IPTreatmentPackage` out of START_ARRAY token
 at [Source: (PushbackInputStream); line: 1, column: 1]
2021-07-08_15-17-08 [http-nio-8200-exec-1] ERROR c.c.i.e.GlobalExceptionHandler - Error while extracting response for type [class com.cts.iptreatment.model.IPTreatmentPackage] and content type [application/json]; nested exception is org.springframework.http.converter.HttpMessageNotReadableException: JSON parse error: Cannot deserialize instance of `com.cts.iptreatment.model.IPTreatmentPackage` out of START_ARRAY token; nested exception is com.fasterxml.jackson.databind.exc.MismatchedInputException: Cannot deserialize instance of `com.cts.iptreatment.model.IPTreatmentPackage` out of START_ARRAY token
 at [Source: (PushbackInputStream); line: 1, column: 1]
2021-07-08_15-22-16 [restartedMain] ERROR o.s.boot.SpringApplication - Application run failed
org.springframework.beans.factory.BeanCreationException: Error creating bean with name 'IPTreatmentController' defined in file [C:\Users\sriha\git\CDE-Simulation-Project-International-Patients-Treatment-Management\IPTreatment-MicroService\target\classes\com\cts\iptreatment\controller\IPTreatmentController.class]: Instantiation of bean failed; nested exception is org.springframework.beans.BeanInstantiationException: Failed to instantiate [com.cts.iptreatment.controller.IPTreatmentController]: Constructor threw exception; nested exception is java.lang.Error: Unresolved compilation problem: 
	Syntax error on token ""/formulateTimetable"", invalid MemberValuePairs

	at org.springframework.beans.factory.support.AbstractAutowireCapableBeanFactory.instantiateBean(AbstractAutowireCapableBeanFactory.java:1318)
	at org.springframework.beans.factory.support.AbstractAutowireCapableBeanFactory.createBeanInstance(AbstractAutowireCapableBeanFactory.java:1216)
	at org.springframework.beans.factory.support.AbstractAutowireCapableBeanFactory.doCreateBean(AbstractAutowireCapableBeanFactory.java:571)
	at org.springframework.beans.factory.support.AbstractAutowireCapableBeanFactory.createBean(AbstractAutowireCapableBeanFactory.java:531)
	at org.springframework.beans.factory.support.AbstractBeanFactory.lambda$doGetBean$0(AbstractBeanFactory.java:335)
	at org.springframework.beans.factory.support.DefaultSingletonBeanRegistry.getSingleton(DefaultSingletonBeanRegistry.java:234)
	at org.springframework.beans.factory.support.AbstractBeanFactory.doGetBean(AbstractBeanFactory.java:333)
	at org.springframework.beans.factory.support.AbstractBeanFactory.getBean(AbstractBeanFactory.java:208)
	at org.springframework.beans.factory.support.DefaultListableBeanFactory.preInstantiateSingletons(DefaultListableBeanFactory.java:944)
	at org.springframework.context.support.AbstractApplicationContext.finishBeanFactoryInitialization(AbstractApplicationContext.java:923)
	at org.springframework.context.support.AbstractApplicationContext.refresh(AbstractApplicationContext.java:588)
	at org.springframework.boot.web.servlet.context.ServletWebServerApplicationContext.refresh(ServletWebServerApplicationContext.java:144)
	at org.springframework.boot.SpringApplication.refresh(SpringApplication.java:767)
	at org.springframework.boot.SpringApplication.refresh(SpringApplication.java:759)
	at org.springframework.boot.SpringApplication.refreshContext(SpringApplication.java:426)
	at org.springframework.boot.SpringApplication.run(SpringApplication.java:326)
	at org.springframework.boot.SpringApplication.run(SpringApplication.java:1311)
	at org.springframework.boot.SpringApplication.run(SpringApplication.java:1300)
	at com.cts.iptreatment.IpTreatmentMicroServiceApplication.main(IpTreatmentMicroServiceApplication.java:12)
	at java.base/jdk.internal.reflect.NativeMethodAccessorImpl.invoke0(Native Method)
	at java.base/jdk.internal.reflect.NativeMethodAccessorImpl.invoke(NativeMethodAccessorImpl.java:64)
	at java.base/jdk.internal.reflect.DelegatingMethodAccessorImpl.invoke(DelegatingMethodAccessorImpl.java:43)
	at java.base/java.lang.reflect.Method.invoke(Method.java:564)
	at org.springframework.boot.devtools.restart.RestartLauncher.run(RestartLauncher.java:49)
Caused by: org.springframework.beans.BeanInstantiationException: Failed to instantiate [com.cts.iptreatment.controller.IPTreatmentController]: Constructor threw exception; nested exception is java.lang.Error: Unresolved compilation problem: 
	Syntax error on token ""/formulateTimetable"", invalid MemberValuePairs

	at org.springframework.beans.BeanUtils.instantiateClass(BeanUtils.java:225)
	at org.springframework.beans.factory.support.SimpleInstantiationStrategy.instantiate(SimpleInstantiationStrategy.java:87)
	at org.springframework.beans.factory.support.AbstractAutowireCapableBeanFactory.instantiateBean(AbstractAutowireCapableBeanFactory.java:1310)
	... 23 common frames omitted
Caused by: java.lang.Error: Unresolved compilation problem: 
	Syntax error on token ""/formulateTimetable"", invalid MemberValuePairs

	at com.cts.iptreatment.controller.IPTreatmentController.<init>(IPTreatmentController.java:34)
	at java.base/jdk.internal.reflect.NativeConstructorAccessorImpl.newInstance0(Native Method)
	at java.base/jdk.internal.reflect.NativeConstructorAccessorImpl.newInstance(NativeConstructorAccessorImpl.java:64)
	at java.base/jdk.internal.reflect.DelegatingConstructorAccessorImpl.newInstance(DelegatingConstructorAccessorImpl.java:45)
	at java.base/java.lang.reflect.Constructor.newInstanceWithCaller(Constructor.java:500)
	at java.base/java.lang.reflect.Constructor.newInstance(Constructor.java:481)
	at org.springframework.beans.BeanUtils.instantiateClass(BeanUtils.java:212)
	... 25 common frames omitted
2021-07-08_15-23-41 [http-nio-8200-exec-2] ERROR c.c.i.e.GlobalExceptionHandler - Error while extracting response for type [class com.cts.iptreatment.model.IPTreatmentPackage] and content type [application/json]; nested exception is org.springframework.http.converter.HttpMessageNotReadableException: JSON parse error: Cannot deserialize instance of `com.cts.iptreatment.model.IPTreatmentPackage` out of START_ARRAY token; nested exception is com.fasterxml.jackson.databind.exc.MismatchedInputException: Cannot deserialize instance of `com.cts.iptreatment.model.IPTreatmentPackage` out of START_ARRAY token
 at [Source: (PushbackInputStream); line: 1, column: 1]
2021-07-08_15-25-50 [http-nio-8200-exec-2] ERROR c.c.i.e.GlobalExceptionHandler - Error while extracting response for type [class com.cts.iptreatment.model.IPTreatmentPackage] and content type [application/json]; nested exception is org.springframework.http.converter.HttpMessageNotReadableException: JSON parse error: Cannot deserialize instance of `com.cts.iptreatment.model.IPTreatmentPackage` out of START_ARRAY token; nested exception is com.fasterxml.jackson.databind.exc.MismatchedInputException: Cannot deserialize instance of `com.cts.iptreatment.model.IPTreatmentPackage` out of START_ARRAY token
 at [Source: (PushbackInputStream); line: 1, column: 1]
2021-07-08_15-29-01 [restartedMain] ERROR o.s.o.j.LocalContainerEntityManagerFactoryBean - Failed to initialize JPA EntityManagerFactory: [PersistenceUnit: default] Unable to build Hibernate SessionFactory; nested exception is org.hibernate.MappingException: Could not determine type for: com.cts.iptreatment.model.PackageDetail, at table: iptreatment_package, for columns: [org.hibernate.mapping.Column(package_detail)]
2021-07-08_15-29-01 [restartedMain] ERROR o.s.boot.SpringApplication - Application run failed
org.springframework.beans.factory.BeanCreationException: Error creating bean with name 'entityManagerFactory' defined in class path resource [org/springframework/boot/autoconfigure/orm/jpa/HibernateJpaConfiguration.class]: Invocation of init method failed; nested exception is javax.persistence.PersistenceException: [PersistenceUnit: default] Unable to build Hibernate SessionFactory; nested exception is org.hibernate.MappingException: Could not determine type for: com.cts.iptreatment.model.PackageDetail, at table: iptreatment_package, for columns: [org.hibernate.mapping.Column(package_detail)]
	at org.springframework.beans.factory.support.AbstractAutowireCapableBeanFactory.initializeBean(AbstractAutowireCapableBeanFactory.java:1788)
	at org.springframework.beans.factory.support.AbstractAutowireCapableBeanFactory.doCreateBean(AbstractAutowireCapableBeanFactory.java:609)
	at org.springframework.beans.factory.support.AbstractAutowireCapableBeanFactory.createBean(AbstractAutowireCapableBeanFactory.java:531)
	at org.springframework.beans.factory.support.AbstractBeanFactory.lambda$doGetBean$0(AbstractBeanFactory.java:335)
	at org.springframework.beans.factory.support.DefaultSingletonBeanRegistry.getSingleton(DefaultSingletonBeanRegistry.java:234)
	at org.springframework.beans.factory.support.AbstractBeanFactory.doGetBean(AbstractBeanFactory.java:333)
	at org.springframework.beans.factory.support.AbstractBeanFactory.getBean(AbstractBeanFactory.java:208)
	at org.springframework.context.support.AbstractApplicationContext.getBean(AbstractApplicationContext.java:1159)
	at org.springframework.context.support.AbstractApplicationContext.finishBeanFactoryInitialization(AbstractApplicationContext.java:913)
	at org.springframework.context.support.AbstractApplicationContext.refresh(AbstractApplicationContext.java:588)
	at org.springframework.boot.web.servlet.context.ServletWebServerApplicationContext.refresh(ServletWebServerApplicationContext.java:144)
	at org.springframework.boot.SpringApplication.refresh(SpringApplication.java:767)
	at org.springframework.boot.SpringApplication.refresh(SpringApplication.java:759)
	at org.springframework.boot.SpringApplication.refreshContext(SpringApplication.java:426)
	at org.springframework.boot.SpringApplication.run(SpringApplication.java:326)
	at org.springframework.boot.SpringApplication.run(SpringApplication.java:1311)
	at org.springframework.boot.SpringApplication.run(SpringApplication.java:1300)
	at com.cts.iptreatment.IpTreatmentMicroServiceApplication.main(IpTreatmentMicroServiceApplication.java:12)
	at java.base/jdk.internal.reflect.NativeMethodAccessorImpl.invoke0(Native Method)
	at java.base/jdk.internal.reflect.NativeMethodAccessorImpl.invoke(NativeMethodAccessorImpl.java:64)
	at java.base/jdk.internal.reflect.DelegatingMethodAccessorImpl.invoke(DelegatingMethodAccessorImpl.java:43)
	at java.base/java.lang.reflect.Method.invoke(Method.java:564)
	at org.springframework.boot.devtools.restart.RestartLauncher.run(RestartLauncher.java:49)
Caused by: javax.persistence.PersistenceException: [PersistenceUnit: default] Unable to build Hibernate SessionFactory; nested exception is org.hibernate.MappingException: Could not determine type for: com.cts.iptreatment.model.PackageDetail, at table: iptreatment_package, for columns: [org.hibernate.mapping.Column(package_detail)]
	at org.springframework.orm.jpa.AbstractEntityManagerFactoryBean.buildNativeEntityManagerFactory(AbstractEntityManagerFactoryBean.java:421)
	at org.springframework.orm.jpa.AbstractEntityManagerFactoryBean.afterPropertiesSet(AbstractEntityManagerFactoryBean.java:396)
	at org.springframework.orm.jpa.LocalContainerEntityManagerFactoryBean.afterPropertiesSet(LocalContainerEntityManagerFactoryBean.java:341)
	at org.springframework.beans.factory.support.AbstractAutowireCapableBeanFactory.invokeInitMethods(AbstractAutowireCapableBeanFactory.java:1847)
	at org.springframework.beans.factory.support.AbstractAutowireCapableBeanFactory.initializeBean(AbstractAutowireCapableBeanFactory.java:1784)
	... 22 common frames omitted
Caused by: org.hibernate.MappingException: Could not determine type for: com.cts.iptreatment.model.PackageDetail, at table: iptreatment_package, for columns: [org.hibernate.mapping.Column(package_detail)]
	at org.hibernate.mapping.SimpleValue.getType(SimpleValue.java:499)
	at org.hibernate.mapping.SimpleValue.isValid(SimpleValue.java:466)
	at org.hibernate.mapping.Property.isValid(Property.java:227)
	at org.hibernate.mapping.PersistentClass.validate(PersistentClass.java:624)
	at org.hibernate.mapping.RootClass.validate(RootClass.java:267)
	at org.hibernate.boot.internal.MetadataImpl.validate(MetadataImpl.java:354)
	at org.hibernate.boot.internal.SessionFactoryBuilderImpl.build(SessionFactoryBuilderImpl.java:465)
	at org.hibernate.jpa.boot.internal.EntityManagerFactoryBuilderImpl.build(EntityManagerFactoryBuilderImpl.java:1259)
	at org.springframework.orm.jpa.vendor.SpringHibernateJpaPersistenceProvider.createContainerEntityManagerFactory(SpringHibernateJpaPersistenceProvider.java:58)
	at org.springframework.orm.jpa.LocalContainerEntityManagerFactoryBean.createNativeEntityManagerFactory(LocalContainerEntityManagerFactoryBean.java:365)
	at org.springframework.orm.jpa.AbstractEntityManagerFactoryBean.buildNativeEntityManagerFactory(AbstractEntityManagerFactoryBean.java:409)
	... 26 common frames omitted
2021-07-08_15-31-46 [http-nio-8200-exec-1] ERROR c.c.i.e.GlobalExceptionHandler - Error while extracting response for type [class com.cts.iptreatment.model.IPTreatmentPackage] and content type [application/json]; nested exception is org.springframework.http.converter.HttpMessageNotReadableException: JSON parse error: Cannot deserialize instance of `com.cts.iptreatment.model.IPTreatmentPackage` out of START_ARRAY token; nested exception is com.fasterxml.jackson.databind.exc.MismatchedInputException: Cannot deserialize instance of `com.cts.iptreatment.model.IPTreatmentPackage` out of START_ARRAY token
 at [Source: (PushbackInputStream); line: 1, column: 1]
2021-07-08_15-47-30 [http-nio-8200-exec-2] ERROR c.c.i.e.GlobalExceptionHandler - Error while extracting response for type [class com.cts.iptreatment.model.IPTreatmentPackage] and content type [application/json]; nested exception is org.springframework.http.converter.HttpMessageNotReadableException: JSON parse error: Cannot deserialize instance of `com.cts.iptreatment.model.IPTreatmentPackage` out of START_ARRAY token; nested exception is com.fasterxml.jackson.databind.exc.MismatchedInputException: Cannot deserialize instance of `com.cts.iptreatment.model.IPTreatmentPackage` out of START_ARRAY token
 at [Source: (PushbackInputStream); line: 1, column: 1]
2021-07-08_16-07-57 [http-nio-8200-exec-2] ERROR c.c.i.e.GlobalExceptionHandler - Error while extracting response for type [class com.cts.iptreatment.model.IPTreatmentPackage] and content type [application/json]; nested exception is org.springframework.http.converter.HttpMessageNotReadableException: JSON parse error: Cannot deserialize instance of `com.cts.iptreatment.model.IPTreatmentPackage` out of START_ARRAY token; nested exception is com.fasterxml.jackson.databind.exc.MismatchedInputException: Cannot deserialize instance of `com.cts.iptreatment.model.IPTreatmentPackage` out of START_ARRAY token
 at [Source: (PushbackInputStream); line: 1, column: 1]
2021-07-08_16-11-21 [http-nio-8200-exec-2] ERROR c.c.i.e.GlobalExceptionHandler - Patient is Alreagy Registered for treatment
2021-07-08_16-11-21 [http-nio-8200-exec-7] ERROR c.c.i.e.GlobalExceptionHandler - Patient is Alreagy Registered for treatment
2021-07-08_16-11-21 [http-nio-8200-exec-9] ERROR c.c.i.e.GlobalExceptionHandler - Patient is Alreagy Registered for treatment
