2021-07-08_10-40-38 [restartedMain] INFO  c.c.m.IpTreatmentOfferingApplication - Starting IpTreatmentOfferingApplication using Java 15.0.2 on LAPTOP-BPATERIE with PID 10980 (C:\Users\sriha\git\CDE-Simulation-Project-International-Patients-Treatment-Management\IPTreatmentOffering-Microservice\target\classes started by sriha in C:\Users\sriha\git\CDE-Simulation-Project-International-Patients-Treatment-Management\IPTreatmentOffering-Microservice)
2021-07-08_10-40-38 [restartedMain] INFO  c.c.m.IpTreatmentOfferingApplication - No active profile set, falling back to default profiles: default
2021-07-08_10-40-38 [restartedMain] INFO  o.s.b.d.e.DevToolsPropertyDefaultsPostProcessor - Devtools property defaults active! Set 'spring.devtools.add-properties' to 'false' to disable
2021-07-08_10-40-38 [restartedMain] INFO  o.s.b.d.e.DevToolsPropertyDefaultsPostProcessor - For additional web related logging consider setting the 'logging.level.web' property to 'DEBUG'
2021-07-08_10-40-38 [restartedMain] INFO  o.s.d.r.c.RepositoryConfigurationDelegate - Bootstrapping Spring Data JPA repositories in DEFAULT mode.
2021-07-08_10-40-38 [restartedMain] INFO  o.s.d.r.c.RepositoryConfigurationDelegate - Finished Spring Data repository scanning in 81 ms. Found 3 JPA repository interfaces.
2021-07-08_10-40-38 [restartedMain] INFO  o.s.cloud.context.scope.GenericScope - BeanFactory id=418e9d2c-a7e9-339e-a1fd-f16bcee81ef4
2021-07-08_10-40-38 [restartedMain] INFO  o.s.c.s.PostProcessorRegistrationDelegate$BeanPostProcessorChecker - Bean 'com.cts.mfpe.feign.AuthorisingClient' of type [org.springframework.cloud.openfeign.FeignClientFactoryBean] is not eligible for getting processed by all BeanPostProcessors (for example: not eligible for auto-proxying)
2021-07-08_10-40-38 [restartedMain] INFO  o.s.b.w.e.tomcat.TomcatWebServer - Tomcat initialized with port(s): 8100 (http)
2021-07-08_10-40-38 [restartedMain] INFO  o.a.coyote.http11.Http11NioProtocol - Initializing ProtocolHandler ["http-nio-8100"]
2021-07-08_10-40-38 [restartedMain] INFO  o.a.catalina.core.StandardService - Starting service [Tomcat]
2021-07-08_10-40-38 [restartedMain] INFO  o.a.catalina.core.StandardEngine - Starting Servlet engine: [Apache Tomcat/9.0.41]
2021-07-08_10-40-38 [restartedMain] INFO  o.a.c.c.C.[.[.[/ipTreatmentOffering] - Initializing Spring embedded WebApplicationContext
2021-07-08_10-40-38 [restartedMain] INFO  o.s.b.w.s.c.ServletWebServerApplicationContext - Root WebApplicationContext: initialization completed in 1923 ms
2021-07-08_10-40-38 [restartedMain] INFO  com.zaxxer.hikari.HikariDataSource - HikariPool-1 - Starting...
2021-07-08_10-40-38 [restartedMain] INFO  com.zaxxer.hikari.HikariDataSource - HikariPool-1 - Start completed.
2021-07-08_10-40-38 [restartedMain] INFO  o.s.b.a.h.H2ConsoleAutoConfiguration - H2 console available at '/db'. Database available at 'jdbc:h2:mem:ipms_db'
2021-07-08_10-40-38 [restartedMain] INFO  o.s.o.j.LocalContainerEntityManagerFactoryBean - Initialized JPA EntityManagerFactory for persistence unit 'default'
2021-07-08_10-40-38 [restartedMain] INFO  o.s.b.d.a.OptionalLiveReloadServer - LiveReload server is running on port 35729
2021-07-08_10-40-38 [restartedMain] INFO  s.d.s.w.PropertySourcedRequestMappingHandlerMapping - Mapped URL path [/v2/api-docs] onto method [springfox.documentation.swagger2.web.Swagger2Controller#getDocumentation(String, HttpServletRequest)]
2021-07-08_10-40-38 [restartedMain] INFO  o.s.s.c.ThreadPoolTaskExecutor - Initializing ExecutorService 'applicationTaskExecutor'
2021-07-08_10-40-38 [restartedMain] INFO  o.a.coyote.http11.Http11NioProtocol - Starting ProtocolHandler ["http-nio-8100"]
2021-07-08_10-40-38 [restartedMain] INFO  o.s.b.w.e.tomcat.TomcatWebServer - Tomcat started on port(s): 8100 (http) with context path '/ipTreatmentOffering'
2021-07-08_10-40-38 [restartedMain] INFO  s.d.s.w.p.DocumentationPluginsBootstrapper - Context refreshed
2021-07-08_10-40-38 [restartedMain] INFO  s.d.s.w.p.DocumentationPluginsBootstrapper - Found 1 custom documentation plugin(s)
2021-07-08_10-40-38 [restartedMain] INFO  s.d.s.w.s.ApiListingReferenceScanner - Scanning for api listing references
2021-07-08_10-40-38 [restartedMain] INFO  c.c.m.IpTreatmentOfferingApplication - Started IpTreatmentOfferingApplication in 5.648 seconds (JVM running for 6.743)
2021-07-08_10-40-38 [http-nio-8100-exec-1] INFO  o.a.c.c.C.[.[.[/ipTreatmentOffering] - Initializing Spring DispatcherServlet 'dispatcherServlet'
2021-07-08_10-40-38 [http-nio-8100-exec-1] INFO  o.s.web.servlet.DispatcherServlet - Initializing Servlet 'dispatcherServlet'
2021-07-08_10-40-38 [http-nio-8100-exec-1] INFO  o.s.web.servlet.DispatcherServlet - Completed initialization in 1 ms
2021-07-08_10-40-38 [http-nio-8100-exec-1] INFO  c.c.m.s.IPTreatmentOfferingServiceImpl - [Specialist details:] [SpecialistDetail(specialistId=1, name=Dr Riya, areaOfExpertise=ORTHOPAIDICS, experienceInYears=10, contactNumber=9945672345), SpecialistDetail(specialistId=2, name=Dr Karan, areaOfExpertise=ORTHOPAIDICS, experienceInYears=8, contactNumber=8876523457), SpecialistDetail(specialistId=3, name=Dr Harsh, areaOfExpertise=UROLOGY, experienceInYears=7, contactNumber=9422467465), SpecialistDetail(specialistId=4, name=Dr Shreya, areaOfExpertise=UROLOGY, experienceInYears=11, contactNumber=756842689)]
2021-07-08_10-40-38 [RMI TCP Connection(14)-127.0.0.1] INFO  o.s.b.a.SpringApplicationAdminMXBeanRegistrar$SpringApplicationAdmin - Application shutdown requested.
2021-07-08_10-40-38 [RMI TCP Connection(14)-127.0.0.1] INFO  o.s.s.c.ThreadPoolTaskExecutor - Shutting down ExecutorService 'applicationTaskExecutor'
2021-07-08_10-40-38 [RMI TCP Connection(14)-127.0.0.1] INFO  o.s.o.j.LocalContainerEntityManagerFactoryBean - Closing JPA EntityManagerFactory for persistence unit 'default'
2021-07-08_10-40-38 [RMI TCP Connection(14)-127.0.0.1] INFO  com.zaxxer.hikari.HikariDataSource - HikariPool-1 - Shutdown initiated...
2021-07-08_10-40-38 [RMI TCP Connection(14)-127.0.0.1] INFO  com.zaxxer.hikari.HikariDataSource - HikariPool-1 - Shutdown completed.
2021-07-08_11-14-34 [restartedMain] INFO  c.c.m.IpTreatmentOfferingApplication - Starting IpTreatmentOfferingApplication using Java 15.0.2 on LAPTOP-BPATERIE with PID 3372 (C:\Users\sriha\git\CDE-Simulation-Project-International-Patients-Treatment-Management\IPTreatmentOffering-Microservice\target\classes started by sriha in C:\Users\sriha\git\CDE-Simulation-Project-International-Patients-Treatment-Management\IPTreatmentOffering-Microservice)
2021-07-08_11-14-34 [restartedMain] INFO  c.c.m.IpTreatmentOfferingApplication - No active profile set, falling back to default profiles: default
2021-07-08_11-14-34 [restartedMain] INFO  o.s.b.d.e.DevToolsPropertyDefaultsPostProcessor - Devtools property defaults active! Set 'spring.devtools.add-properties' to 'false' to disable
2021-07-08_11-14-34 [restartedMain] INFO  o.s.b.d.e.DevToolsPropertyDefaultsPostProcessor - For additional web related logging consider setting the 'logging.level.web' property to 'DEBUG'
2021-07-08_11-14-34 [restartedMain] INFO  o.s.d.r.c.RepositoryConfigurationDelegate - Bootstrapping Spring Data JPA repositories in DEFAULT mode.
2021-07-08_11-14-34 [restartedMain] INFO  o.s.d.r.c.RepositoryConfigurationDelegate - Finished Spring Data repository scanning in 59 ms. Found 3 JPA repository interfaces.
2021-07-08_11-14-34 [restartedMain] INFO  o.s.cloud.context.scope.GenericScope - BeanFactory id=418e9d2c-a7e9-339e-a1fd-f16bcee81ef4
2021-07-08_11-14-34 [restartedMain] INFO  o.s.c.s.PostProcessorRegistrationDelegate$BeanPostProcessorChecker - Bean 'com.cts.mfpe.feign.AuthorisingClient' of type [org.springframework.cloud.openfeign.FeignClientFactoryBean] is not eligible for getting processed by all BeanPostProcessors (for example: not eligible for auto-proxying)
2021-07-08_11-14-34 [restartedMain] INFO  o.s.b.w.e.tomcat.TomcatWebServer - Tomcat initialized with port(s): 8100 (http)
2021-07-08_11-14-34 [restartedMain] INFO  o.a.coyote.http11.Http11NioProtocol - Initializing ProtocolHandler ["http-nio-8100"]
2021-07-08_11-14-34 [restartedMain] INFO  o.a.catalina.core.StandardService - Starting service [Tomcat]
2021-07-08_11-14-34 [restartedMain] INFO  o.a.catalina.core.StandardEngine - Starting Servlet engine: [Apache Tomcat/9.0.41]
2021-07-08_11-14-34 [restartedMain] INFO  o.a.c.c.C.[.[.[/ipTreatmentOffering] - Initializing Spring embedded WebApplicationContext
2021-07-08_11-14-34 [restartedMain] INFO  o.s.b.w.s.c.ServletWebServerApplicationContext - Root WebApplicationContext: initialization completed in 1957 ms
2021-07-08_11-14-34 [restartedMain] INFO  com.zaxxer.hikari.HikariDataSource - HikariPool-1 - Starting...
2021-07-08_11-14-34 [restartedMain] INFO  com.zaxxer.hikari.HikariDataSource - HikariPool-1 - Start completed.
2021-07-08_11-14-34 [restartedMain] INFO  o.s.b.a.h.H2ConsoleAutoConfiguration - H2 console available at '/db'. Database available at 'jdbc:h2:mem:ipms_db'
2021-07-08_11-14-34 [restartedMain] INFO  o.s.o.j.LocalContainerEntityManagerFactoryBean - Initialized JPA EntityManagerFactory for persistence unit 'default'
2021-07-08_11-14-34 [restartedMain] INFO  o.s.b.d.a.OptionalLiveReloadServer - LiveReload server is running on port 35729
2021-07-08_11-14-34 [restartedMain] INFO  s.d.s.w.PropertySourcedRequestMappingHandlerMapping - Mapped URL path [/v2/api-docs] onto method [springfox.documentation.swagger2.web.Swagger2Controller#getDocumentation(String, HttpServletRequest)]
2021-07-08_11-14-34 [restartedMain] INFO  o.s.s.c.ThreadPoolTaskExecutor - Initializing ExecutorService 'applicationTaskExecutor'
2021-07-08_11-14-34 [restartedMain] INFO  o.a.coyote.http11.Http11NioProtocol - Starting ProtocolHandler ["http-nio-8100"]
2021-07-08_11-14-34 [restartedMain] INFO  o.s.b.w.e.tomcat.TomcatWebServer - Tomcat started on port(s): 8100 (http) with context path '/ipTreatmentOffering'
2021-07-08_11-14-34 [restartedMain] INFO  s.d.s.w.p.DocumentationPluginsBootstrapper - Context refreshed
2021-07-08_11-14-34 [restartedMain] INFO  s.d.s.w.p.DocumentationPluginsBootstrapper - Found 1 custom documentation plugin(s)
2021-07-08_11-14-34 [restartedMain] INFO  s.d.s.w.s.ApiListingReferenceScanner - Scanning for api listing references
2021-07-08_11-14-34 [restartedMain] INFO  c.c.m.IpTreatmentOfferingApplication - Started IpTreatmentOfferingApplication in 6.488 seconds (JVM running for 7.44)
2021-07-08_11-14-34 [http-nio-8100-exec-1] INFO  o.a.c.c.C.[.[.[/ipTreatmentOffering] - Initializing Spring DispatcherServlet 'dispatcherServlet'
2021-07-08_11-14-34 [http-nio-8100-exec-1] INFO  o.s.web.servlet.DispatcherServlet - Initializing Servlet 'dispatcherServlet'
2021-07-08_11-14-34 [http-nio-8100-exec-1] INFO  o.s.web.servlet.DispatcherServlet - Completed initialization in 2 ms
2021-07-08_11-14-34 [http-nio-8100-exec-1] INFO  c.c.m.s.IPTreatmentOfferingServiceImpl - [Specialist details:] [SpecialistDetail(specialistId=1, name=Dr Riya, areaOfExpertise=ORTHOPAIDICS, experienceInYears=10, contactNumber=9945672345), SpecialistDetail(specialistId=2, name=Dr Karan, areaOfExpertise=ORTHOPAIDICS, experienceInYears=8, contactNumber=8876523457), SpecialistDetail(specialistId=3, name=Dr Harsh, areaOfExpertise=UROLOGY, experienceInYears=7, contactNumber=9422467465), SpecialistDetail(specialistId=4, name=Dr Shreya, areaOfExpertise=UROLOGY, experienceInYears=11, contactNumber=756842689)]
2021-07-08_11-14-34 [http-nio-8100-exec-2] INFO  c.c.m.s.IPTreatmentOfferingServiceImpl - [Specialist details:] [SpecialistDetail(specialistId=1, name=Dr Riya, areaOfExpertise=ORTHOPAIDICS, experienceInYears=10, contactNumber=9945672345), SpecialistDetail(specialistId=2, name=Dr Karan, areaOfExpertise=ORTHOPAIDICS, experienceInYears=8, contactNumber=8876523457), SpecialistDetail(specialistId=3, name=Dr Harsh, areaOfExpertise=UROLOGY, experienceInYears=7, contactNumber=9422467465), SpecialistDetail(specialistId=4, name=Dr Shreya, areaOfExpertise=UROLOGY, experienceInYears=11, contactNumber=756842689)]
2021-07-08_11-14-34 [http-nio-8100-exec-3] INFO  c.c.m.s.IPTreatmentOfferingServiceImpl - [Specialist details:] [SpecialistDetail(specialistId=1, name=Dr Riya, areaOfExpertise=ORTHOPAIDICS, experienceInYears=10, contactNumber=9945672345), SpecialistDetail(specialistId=2, name=Dr Karan, areaOfExpertise=ORTHOPAIDICS, experienceInYears=8, contactNumber=8876523457), SpecialistDetail(specialistId=3, name=Dr Harsh, areaOfExpertise=UROLOGY, experienceInYears=7, contactNumber=9422467465), SpecialistDetail(specialistId=4, name=Dr Shreya, areaOfExpertise=UROLOGY, experienceInYears=11, contactNumber=756842689)]
2021-07-08_11-14-34 [http-nio-8100-exec-4] INFO  c.c.m.s.IPTreatmentOfferingServiceImpl - [Specialist details:] [SpecialistDetail(specialistId=1, name=Dr Riya, areaOfExpertise=ORTHOPAIDICS, experienceInYears=10, contactNumber=9945672345), SpecialistDetail(specialistId=2, name=Dr Karan, areaOfExpertise=ORTHOPAIDICS, experienceInYears=8, contactNumber=8876523457), SpecialistDetail(specialistId=3, name=Dr Harsh, areaOfExpertise=UROLOGY, experienceInYears=7, contactNumber=9422467465), SpecialistDetail(specialistId=4, name=Dr Shreya, areaOfExpertise=UROLOGY, experienceInYears=11, contactNumber=756842689)]
2021-07-08_11-14-34 [http-nio-8100-exec-6] INFO  c.c.m.s.IPTreatmentOfferingServiceImpl - [Specialist details:] [SpecialistDetail(specialistId=1, name=Dr Riya, areaOfExpertise=ORTHOPAIDICS, experienceInYears=10, contactNumber=9945672345), SpecialistDetail(specialistId=2, name=Dr Karan, areaOfExpertise=ORTHOPAIDICS, experienceInYears=8, contactNumber=8876523457), SpecialistDetail(specialistId=3, name=Dr Harsh, areaOfExpertise=UROLOGY, experienceInYears=7, contactNumber=9422467465), SpecialistDetail(specialistId=4, name=Dr Shreya, areaOfExpertise=UROLOGY, experienceInYears=11, contactNumber=756842689), SpecialistDetail(specialistId=5, name=Dr Deep, areaOfExpertise=ORTHOPAIDICS, experienceInYears=100, contactNumber=1234567890)]
2021-07-08_11-14-34 [http-nio-8100-exec-7] INFO  c.c.m.s.IPTreatmentOfferingServiceImpl - [Specialist details:] [SpecialistDetail(specialistId=1, name=Dr Riya, areaOfExpertise=ORTHOPAIDICS, experienceInYears=10, contactNumber=9945672345), SpecialistDetail(specialistId=2, name=Dr Karan, areaOfExpertise=ORTHOPAIDICS, experienceInYears=8, contactNumber=8876523457), SpecialistDetail(specialistId=3, name=Dr Harsh, areaOfExpertise=UROLOGY, experienceInYears=7, contactNumber=9422467465), SpecialistDetail(specialistId=4, name=Dr Shreya, areaOfExpertise=UROLOGY, experienceInYears=11, contactNumber=756842689), SpecialistDetail(specialistId=5, name=Dr Deep, areaOfExpertise=ORTHOPAIDICS, experienceInYears=100, contactNumber=1234567890)]
2021-07-08_11-14-34 [http-nio-8100-exec-9] INFO  c.c.m.s.IPTreatmentOfferingServiceImpl - [Specialist details:] [SpecialistDetail(specialistId=1, name=Dr Riya, areaOfExpertise=ORTHOPAIDICS, experienceInYears=10, contactNumber=9945672345), SpecialistDetail(specialistId=2, name=Dr Karan, areaOfExpertise=ORTHOPAIDICS, experienceInYears=8, contactNumber=8876523457), SpecialistDetail(specialistId=3, name=Dr Harsh, areaOfExpertise=UROLOGY, experienceInYears=7, contactNumber=9422467465), SpecialistDetail(specialistId=4, name=Dr Shreya, areaOfExpertise=UROLOGY, experienceInYears=11, contactNumber=756842689), SpecialistDetail(specialistId=5, name=Dr Deep, areaOfExpertise=ORTHOPAIDICS, experienceInYears=100, contactNumber=1234567890)]
2021-07-08_11-14-34 [http-nio-8100-exec-8] INFO  c.c.m.s.IPTreatmentOfferingServiceImpl - [Specialist details:] [SpecialistDetail(specialistId=1, name=Dr Riya, areaOfExpertise=ORTHOPAIDICS, experienceInYears=10, contactNumber=9945672345), SpecialistDetail(specialistId=2, name=Dr Karan, areaOfExpertise=ORTHOPAIDICS, experienceInYears=8, contactNumber=8876523457), SpecialistDetail(specialistId=3, name=Dr Harsh, areaOfExpertise=UROLOGY, experienceInYears=7, contactNumber=9422467465), SpecialistDetail(specialistId=4, name=Dr Shreya, areaOfExpertise=UROLOGY, experienceInYears=11, contactNumber=756842689), SpecialistDetail(specialistId=5, name=Dr Deep, areaOfExpertise=ORTHOPAIDICS, experienceInYears=100, contactNumber=1234567890)]
2021-07-08_11-14-34 [http-nio-8100-exec-10] INFO  c.c.m.s.IPTreatmentOfferingServiceImpl - [Specialist details:] [SpecialistDetail(specialistId=1, name=Dr Riya, areaOfExpertise=ORTHOPAIDICS, experienceInYears=10, contactNumber=9945672345), SpecialistDetail(specialistId=2, name=Dr Karan, areaOfExpertise=ORTHOPAIDICS, experienceInYears=8, contactNumber=8876523457), SpecialistDetail(specialistId=3, name=Dr Harsh, areaOfExpertise=UROLOGY, experienceInYears=7, contactNumber=9422467465), SpecialistDetail(specialistId=4, name=Dr Shreya, areaOfExpertise=UROLOGY, experienceInYears=11, contactNumber=756842689), SpecialistDetail(specialistId=5, name=Dr Deep, areaOfExpertise=ORTHOPAIDICS, experienceInYears=100, contactNumber=1234567890)]
2021-07-08_11-14-34 [http-nio-8100-exec-1] INFO  c.c.m.s.IPTreatmentOfferingServiceImpl - [Specialist details:] [SpecialistDetail(specialistId=1, name=Dr Riya, areaOfExpertise=ORTHOPAIDICS, experienceInYears=10, contactNumber=9945672345), SpecialistDetail(specialistId=2, name=Dr Karan, areaOfExpertise=ORTHOPAIDICS, experienceInYears=8, contactNumber=8876523457), SpecialistDetail(specialistId=3, name=Dr Harsh, areaOfExpertise=UROLOGY, experienceInYears=7, contactNumber=9422467465), SpecialistDetail(specialistId=4, name=Dr Shreya, areaOfExpertise=UROLOGY, experienceInYears=11, contactNumber=756842689), SpecialistDetail(specialistId=5, name=Dr Deep, areaOfExpertise=ORTHOPAIDICS, experienceInYears=100, contactNumber=1234567890)]
2021-07-08_11-14-34 [RMI TCP Connection(19)-127.0.0.1] INFO  o.s.b.a.SpringApplicationAdminMXBeanRegistrar$SpringApplicationAdmin - Application shutdown requested.
2021-07-08_11-14-34 [RMI TCP Connection(19)-127.0.0.1] INFO  o.s.s.c.ThreadPoolTaskExecutor - Shutting down ExecutorService 'applicationTaskExecutor'
2021-07-08_11-14-34 [RMI TCP Connection(19)-127.0.0.1] INFO  o.s.o.j.LocalContainerEntityManagerFactoryBean - Closing JPA EntityManagerFactory for persistence unit 'default'
2021-07-08_11-14-34 [RMI TCP Connection(19)-127.0.0.1] INFO  com.zaxxer.hikari.HikariDataSource - HikariPool-1 - Shutdown initiated...
2021-07-08_11-14-34 [RMI TCP Connection(19)-127.0.0.1] INFO  com.zaxxer.hikari.HikariDataSource - HikariPool-1 - Shutdown completed.
